2018-12-11T17:37:42.199661+00:00 app[web.1]: at org.hibernate.collection.internal.PersistentSet.endRead(PersistentSet.java:355) ~[hibernate-core-5.3.7.Final.jar!/:5.3.7.Final]
2018-12-11T17:37:42.199662+00:00 app[web.1]: at org.hibernate.engine.loading.internal.CollectionLoadContext.endLoadingCollection(CollectionLoadContext.java:236) ~[hibernate-core-5.3.7.Final.jar!/:5.3.7.Final]
2018-12-11T17:37:42.199663+00:00 app[web.1]: at org.hibernate.engine.loading.internal.CollectionLoadContext.endLoadingCollections(CollectionLoadContext.java:223) ~[hibernate-core-5.3.7.Final.jar!/:5.3.7.Final]
2018-12-11T17:37:42.199665+00:00 app[web.1]: at org.hibernate.engine.loading.internal.CollectionLoadContext.endLoadingCollections(CollectionLoadContext.java:196) ~[hibernate-core-5.3.7.Final.jar!/:5.3.7.Final]
2018-12-11T17:37:42.199667+00:00 app[web.1]: at org.hibernate.loader.plan.exec.process.internal.CollectionReferenceInitializerImpl.endLoading(CollectionReferenceInitializerImpl.java:154) ~[hibernate-core-5.3.7.Final.jar!/:5.3.7.Final]
2018-12-11T17:37:42.199669+00:00 app[web.1]: at org.hibernate.loader.plan.exec.process.internal.AbstractRowReader.finishLoadingCollections(AbstractRowReader.java:249) ~[hibernate-core-5.3.7.Final.jar!/:5.3.7.Final]
2018-12-11T17:37:42.199670+00:00 app[web.1]: at org.hibernate.loader.plan.exec.process.internal.AbstractRowReader.finishUp(AbstractRowReader.java:212) ~[hibernate-core-5.3.7.Final.jar!/:5.3.7.Final]
2018-12-11T17:37:42.199672+00:00 app[web.1]: at org.hibernate.loader.plan.exec.process.internal.ResultSetProcessorImpl.extractResults(ResultSetProcessorImpl.java:133) ~[hibernate-core-5.3.7.Final.jar!/:5.3.7.Final]
2018-12-11T17:37:42.199674+00:00 app[web.1]: at org.hibernate.loader.plan.exec.internal.AbstractLoadPlanBasedLoader.executeLoad(AbstractLoadPlanBasedLoader.java:122) ~[hibernate-core-5.3.7.Final.jar!/:5.3.7.Final]
2018-12-11T17:37:42.199675+00:00 app[web.1]: at org.hibernate.loader.plan.exec.internal.AbstractLoadPlanBasedLoader.executeLoad(AbstractLoadPlanBasedLoader.java:86) ~[hibernate-core-5.3.7.Final.jar!/:5.3.7.Final]
2018-12-11T17:37:42.199677+00:00 app[web.1]: at org.hibernate.loader.collection.plan.AbstractLoadPlanBasedCollectionInitializer.initialize(AbstractLoadPlanBasedCollectionInitializer.java:87) ~[hibernate-core-5.3.7.Final.jar!/:5.3.7.Final]
2018-12-11T17:37:42.199678+00:00 app[web.1]: at org.hibernate.persister.collection.AbstractCollectionPersister.initialize(AbstractCollectionPersister.java:691) ~[hibernate-core-5.3.7.Final.jar!/:5.3.7.Final]
2018-12-11T17:37:42.199680+00:00 app[web.1]: at org.hibernate.event.internal.DefaultInitializeCollectionEventListener.onInitializeCollection(DefaultInitializeCollectionEventListener.java:75) ~[hibernate-core-5.3.7.Final.jar!/:5.3.7.Final]
2018-12-11T17:37:42.199682+00:00 app[web.1]: at org.hibernate.internal.SessionImpl.initializeCollection(SessionImpl.java:2246) ~[hibernate-core-5.3.7.Final.jar!/:5.3.7.Final]
2018-12-11T17:37:42.199683+00:00 app[web.1]: at org.hibernate.collection.internal.AbstractPersistentCollection$4.doWork(AbstractPersistentCollection.java:580) ~[hibernate-core-5.3.7.Final.jar!/:5.3.7.Final]
2018-12-11T17:37:42.199685+00:00 app[web.1]: at org.hibernate.collection.internal.AbstractPersistentCollection.withTemporarySessionIfNeeded(AbstractPersistentCollection.java:262) ~[hibernate-core-5.3.7.Final.jar!/:5.3.7.Final]
2018-12-11T17:37:42.199687+00:00 app[web.1]: at org.hibernate.collection.internal.AbstractPersistentCollection.initialize(AbstractPersistentCollection.java:576) ~[hibernate-core-5.3.7.Final.jar!/:5.3.7.Final]
2018-12-11T17:37:42.199688+00:00 app[web.1]: at org.hibernate.collection.internal.AbstractPersistentCollection.read(AbstractPersistentCollection.java:147) ~[hibernate-core-5.3.7.Final.jar!/:5.3.7.Final]
2018-12-11T17:37:42.199690+00:00 app[web.1]: at org.hibernate.collection.internal.PersistentSet.hashCode(PersistentSet.java:458) ~[hibernate-core-5.3.7.Final.jar!/:5.3.7.Final]
2018-12-11T17:37:42.199695+00:00 app[web.1]: at net.onlybiz.botchan.database.AppUser.hashCode(AppUser.kt) ~[classes!/:na]
2018-12-11T17:37:42.199697+00:00 app[web.1]: at net.onlybiz.botchan.database.AppUserGroup.hashCode(AppUserGroup.kt) ~[classes!/:na]
2018-12-11T17:37:42.199699+00:00 app[web.1]: at java.util.HashMap.hash(HashMap.java:339) ~[na:1.8.0_191-heroku]
2018-12-11T17:37:42.199705+00:00 app[web.1]: at java.util.HashMap.put(HashMap.java:612) ~[na:1.8.0_191-heroku]
2018-12-11T17:37:42.199707+00:00 app[web.1]: at java.util.HashSet.add(HashSet.java:220) ~[na:1.8.0_191-heroku]
2018-12-11T17:37:42.199708+00:00 app[web.1]: at java.util.AbstractCollection.addAll(AbstractCollection.java:344) ~[na:1.8.0_191-heroku]
2018-12-11T17:37:42.199710+00:00 app[web.1]: at org.hibernate.collection.internal.PersistentSet.endRead(PersistentSet.java:355) ~[hibernate-core-5.3.7.Final.jar!/:5.3.7.Final]
2018-12-11T17:37:42.199711+00:00 app[web.1]: at org.hibernate.engine.loading.internal.CollectionLoadContext.endLoadingCollection(CollectionLoadContext.java:236) ~[hibernate-core-5.3.7.Final.jar!/:5.3.7.Final]
2018-12-11T17:37:42.199713+00:00 app[web.1]: at org.hibernate.engine.loading.internal.CollectionLoadContext.endLoadingCollections(CollectionLoadContext.java:223) ~[hibernate-core-5.3.7.Final.jar!/:5.3.7.Final]
2018-12-11T17:37:42.199714+00:00 app[web.1]: at org.hibernate.engine.loading.internal.CollectionLoadContext.endLoadingCollections(CollectionLoadContext.java:196) ~[hibernate-core-5.3.7.Final.jar!/:5.3.7.Final]
2018-12-11T17:37:42.199716+00:00 app[web.1]: at org.hibernate.loader.plan.exec.process.internal.CollectionReferenceInitializerImpl.endLoading(CollectionReferenceInitializerImpl.java:154) ~[hibernate-core-5.3.7.Final.jar!/:5.3.7.Final]
2018-12-11T17:37:42.199717+00:00 app[web.1]: at org.hibernate.loader.plan.exec.process.internal.AbstractRowReader.finishLoadingCollections(AbstractRowReader.java:249) ~[hibernate-core-5.3.7.Final.jar!/:5.3.7.Final]
2018-12-11T17:37:42.199719+00:00 app[web.1]: at org.hibernate.loader.plan.exec.process.internal.AbstractRowReader.finishUp(AbstractRowReader.java:212) ~[hibernate-core-5.3.7.Final.jar!/:5.3.7.Final]
2018-12-11T17:37:42.199720+00:00 app[web.1]: at org.hibernate.loader.plan.exec.process.internal.ResultSetProcessorImpl.extractResults(ResultSetProcessorImpl.java:133) ~[hibernate-core-5.3.7.Final.jar!/:5.3.7.Final]
2018-12-11T17:37:42.199722+00:00 app[web.1]: at org.hibernate.loader.plan.exec.internal.AbstractLoadPlanBasedLoader.executeLoad(AbstractLoadPlanBasedLoader.java:122) ~[hibernate-core-5.3.7.Final.jar!/:5.3.7.Final]
2018-12-11T17:37:42.199723+00:00 app[web.1]: at org.hibernate.loader.plan.exec.internal.AbstractLoadPlanBasedLoader.executeLoad(AbstractLoadPlanBasedLoader.java:86) ~[hibernate-core-5.3.7.Final.jar!/:5.3.7.Final]
2018-12-11T17:37:42.199725+00:00 app[web.1]: at org.hibernate.loader.collection.plan.AbstractLoadPlanBasedCollectionInitializer.initialize(AbstractLoadPlanBasedCollectionInitializer.java:87) ~[hibernate-core-5.3.7.Final.jar!/:5.3.7.Final]
2018-12-11T17:37:42.199726+00:00 app[web.1]: at org.hibernate.persister.collection.AbstractCollectionPersister.initialize(AbstractCollectionPersister.java:691) ~[hibernate-core-5.3.7.Final.jar!/:5.3.7.Final]
2018-12-11T17:37:42.199728+00:00 app[web.1]: at org.hibernate.event.internal.DefaultInitializeCollectionEventListener.onInitializeCollection(DefaultInitializeCollectionEventListener.java:75) ~[hibernate-core-5.3.7.Final.jar!/:5.3.7.Final]
2018-12-11T17:37:42.199730+00:00 app[web.1]: at org.hibernate.internal.SessionImpl.initializeCollection(SessionImpl.java:2246) ~[hibernate-core-5.3.7.Final.jar!/:5.3.7.Final]
2018-12-11T17:37:42.199731+00:00 app[web.1]: at org.hibernate.collection.internal.AbstractPersistentCollection$4.doWork(AbstractPersistentCollection.java:580) ~[hibernate-core-5.3.7.Final.jar!/:5.3.7.Final]
2018-12-11T17:37:42.199733+00:00 app[web.1]: at org.hibernate.collection.internal.AbstractPersistentCollection.withTemporarySessionIfNeeded(AbstractPersistentCollection.java:262) ~[hibernate-core-5.3.7.Final.jar!/:5.3.7.Final]
2018-12-11T17:37:42.199734+00:00 app[web.1]: at org.hibernate.collection.internal.AbstractPersistentCollection.initialize(AbstractPersistentCollection.java:576) ~[hibernate-core-5.3.7.Final.jar!/:5.3.7.Final]
2018-12-11T17:37:42.199736+00:00 app[web.1]: at org.hibernate.collection.internal.AbstractPersistentCollection.read(AbstractPersistentCollection.java:147) ~[hibernate-core-5.3.7.Final.jar!/:5.3.7.Final]
2018-12-11T17:37:42.199737+00:00 app[web.1]: at org.hibernate.collection.internal.PersistentSet.hashCode(PersistentSet.java:458) ~[hibernate-core-5.3.7.Final.jar!/:5.3.7.Final]
2018-12-11T17:37:42.199739+00:00 app[web.1]: 
2018-12-11T17:41:42.000000+00:00 app[api]: Build started by user kota.taka@onlybiz.net
2018-12-11T17:42:25.612868+00:00 app[api]: Deploy d4b3ee5d by user kota.taka@onlybiz.net
2018-12-11T17:42:25.612868+00:00 app[api]: Release v57 created by user kota.taka@onlybiz.net
2018-12-11T17:42:26.552552+00:00 heroku[web.1]: Restarting
2018-12-11T17:42:26.553080+00:00 heroku[web.1]: State changed from up to starting
2018-12-11T17:42:27.770606+00:00 heroku[web.1]: Stopping all processes with SIGTERM
2018-12-11T17:42:27.815654+00:00 app[web.1]: 2018-12-11 17:42:27.815  INFO 4 --- [       Thread-3] o.s.s.concurrent.ThreadPoolTaskExecutor  : Shutting down ExecutorService 'applicationTaskExecutor'
2018-12-11T17:42:27.862970+00:00 app[web.1]: 2018-12-11 17:42:27.862  INFO 4 --- [       Thread-3] j.LocalContainerEntityManagerFactoryBean : Closing JPA EntityManagerFactory for persistence unit 'default'
2018-12-11T17:42:27.913519+00:00 app[web.1]: 2018-12-11 17:42:27.913  INFO 4 --- [       Thread-3] com.zaxxer.hikari.HikariDataSource       : HikariPool-1 - Shutdown initiated...
2018-12-11T17:42:27.988717+00:00 app[web.1]: 2018-12-11 17:42:27.988  INFO 4 --- [       Thread-3] com.zaxxer.hikari.HikariDataSource       : HikariPool-1 - Shutdown completed.
2018-12-11T17:42:28.327396+00:00 heroku[web.1]: Process exited with status 143
2018-12-11T17:42:31.432652+00:00 heroku[web.1]: Starting process with command `java -Dserver.port=29800 $JAVA_OPTS -jar build/libs/*.jar`
2018-12-11T17:42:40.508732+00:00 app[web.1]: 
2018-12-11T17:42:40.550147+00:00 app[web.1]: .   ____          _            __ _ _
2018-12-11T17:42:40.550268+00:00 app[web.1]: /\\ / ___'_ __ _ _(_)_ __  __ _ \ \ \ \
2018-12-11T17:42:40.550386+00:00 app[web.1]: ( ( )\___ | '_ | '_| | '_ \/ _` | \ \ \ \
2018-12-11T17:42:40.550484+00:00 app[web.1]: \\/  ___)| |_)| | | | | || (_| |  ) ) ) )
2018-12-11T17:42:40.550569+00:00 app[web.1]: '  |____| .__|_| |_|_| |_\__, | / / / /
2018-12-11T17:42:40.550653+00:00 app[web.1]: =========|_|==============|___/=/_/_/_/
2018-12-11T17:42:40.566266+00:00 app[web.1]: :: Spring Boot ::        (v2.1.1.RELEASE)
2018-12-11T17:42:40.566406+00:00 app[web.1]: 
2018-12-11T17:42:41.428845+00:00 app[web.1]: 2018-12-11 17:42:41.423  INFO 4 --- [           main] n.onlybiz.botchan.BotchanApplicationKt   : Starting BotchanApplicationKt on e960ba3b-4ed8-4e5e-92aa-79007b2e842a with PID 4 (/app/build/libs/botchan-0.0.1-SNAPSHOT.jar started by u59951 in /app)
2018-12-11T17:42:41.433605+00:00 app[web.1]: 2018-12-11 17:42:41.433  INFO 4 --- [           main] n.onlybiz.botchan.BotchanApplicationKt   : No active profile set, falling back to default profiles: default
2018-12-11T17:42:47.000000+00:00 app[api]: Build succeeded
2018-12-11T17:42:52.755285+00:00 app[web.1]: 2018-12-11 17:42:52.748  INFO 4 --- [           main] .s.d.r.c.RepositoryConfigurationDelegate : Bootstrapping Spring Data repositories in DEFAULT mode.
2018-12-11T17:42:53.393886+00:00 app[web.1]: 2018-12-11 17:42:53.393  INFO 4 --- [           main] .s.d.r.c.RepositoryConfigurationDelegate : Finished Spring Data repository scanning in 543ms. Found 4 repository interfaces.
2018-12-11T17:42:56.987324+00:00 app[web.1]: 2018-12-11 17:42:56.986  INFO 4 --- [           main] trationDelegate$BeanPostProcessorChecker : Bean 'org.springframework.transaction.annotation.ProxyTransactionManagementConfiguration' of type [org.springframework.transaction.annotation.ProxyTransactionManagementConfiguration$$EnhancerBySpringCGLIB$$c670bb01] is not eligible for getting processed by all BeanPostProcessors (for example: not eligible for auto-proxying)
2018-12-11T17:42:59.710625+00:00 app[web.1]: 2018-12-11 17:42:59.709  INFO 4 --- [           main] o.s.b.w.embedded.tomcat.TomcatWebServer  : Tomcat initialized with port(s): 29800 (http)
2018-12-11T17:42:59.879102+00:00 app[web.1]: 2018-12-11 17:42:59.878  INFO 4 --- [           main] o.apache.catalina.core.StandardService   : Starting service [Tomcat]
2018-12-11T17:42:59.881832+00:00 app[web.1]: 2018-12-11 17:42:59.881  INFO 4 --- [           main] org.apache.catalina.core.StandardEngine  : Starting Servlet Engine: Apache Tomcat/9.0.13
2018-12-11T17:42:59.928328+00:00 app[web.1]: 2018-12-11 17:42:59.928  INFO 4 --- [           main] o.a.catalina.core.AprLifecycleListener   : The APR based Apache Tomcat Native library which allows optimal performance in production environments was not found on the java.library.path: [/app/.jdk/jre/lib/amd64/server::/usr/java/packages/lib/amd64:/usr/lib64:/lib64:/lib:/usr/lib]
2018-12-11T17:43:00.728727+00:00 app[web.1]: 2018-12-11 17:43:00.728  INFO 4 --- [           main] o.a.c.c.C.[Tomcat].[localhost].[/]       : Initializing Spring embedded WebApplicationContext
2018-12-11T17:43:00.728936+00:00 app[web.1]: 2018-12-11 17:43:00.728  INFO 4 --- [           main] o.s.web.context.ContextLoader            : Root WebApplicationContext: initialization completed in 18846 ms
2018-12-11T17:43:01.937528+00:00 app[web.1]: 2018-12-11 17:43:01.937  INFO 4 --- [           main] o.hibernate.jpa.internal.util.LogHelper  : HHH000204: Processing PersistenceUnitInfo [
2018-12-11T17:43:01.937543+00:00 app[web.1]: name: default
2018-12-11T17:43:01.937544+00:00 app[web.1]: ...]
2018-12-11T17:43:03.321669+00:00 app[web.1]: 2018-12-11 17:43:03.321  INFO 4 --- [           main] o.hibernate.annotations.common.Version   : HCANN000001: Hibernate Commons Annotations {5.0.4.Final}
2018-12-11T17:43:04.403079+00:00 app[web.1]: 2018-12-11 17:43:04.402  WARN 4 --- [           main] com.zaxxer.hikari.HikariConfig           : HikariPool-1 - idleTimeout is close to or more than maxLifetime, disabling it.
2018-12-11T17:43:04.411934+00:00 app[web.1]: 2018-12-11 17:43:04.411  INFO 4 --- [           main] com.zaxxer.hikari.HikariDataSource       : HikariPool-1 - Starting...
2018-12-11T17:43:07.038512+00:00 app[web.1]: 2018-12-11 17:43:07.038  INFO 4 --- [           main] com.zaxxer.hikari.HikariDataSource       : HikariPool-1 - Start completed.
2018-12-11T17:43:07.576371+00:00 app[web.1]: 2018-12-11 17:43:07.574  INFO 4 --- [           main] org.hibernate.dialect.Dialect            : HHH000400: Using dialect: org.hibernate.dialect.MySQL5Dialect
2018-12-11T17:43:11.106389+00:00 app[web.1]: 2018-12-11 17:43:11.101  INFO 4 --- [           main] org.hibernate.orm.connections.access     : HHH10001501: Connection obtained from JdbcConnectionAccess [org.hibernate.engine.jdbc.env.internal.JdbcEnvironmentInitiator$ConnectionProviderJdbcConnectionAccess@56928307] for (non-JTA) DDL execution was not in auto-commit mode; the Connection 'local transaction' will be committed and the Connection will be set into auto-commit mode.
2018-12-11T17:43:24.977471+00:00 app[web.1]: 2018-12-11 17:43:24.977  INFO 4 --- [           main] o.s.s.concurrent.ThreadPoolTaskExecutor  : Initializing ExecutorService 'applicationTaskExecutor'
2018-12-11T17:43:26.695612+00:00 app[web.1]: 2018-12-11 17:43:26.695  INFO 4 --- [           main] d.s.w.p.DocumentationPluginsBootstrapper : Context refreshed
2018-12-11T17:43:26.771290+00:00 app[web.1]: 2018-12-11 17:43:26.771  INFO 4 --- [           main] d.s.w.p.DocumentationPluginsBootstrapper : Found 1 custom documentation plugin(s)
2018-12-11T17:43:26.813349+00:00 app[web.1]: 2018-12-11 17:43:26.813  INFO 4 --- [           main] s.d.s.w.s.ApiListingReferenceScanner     : Scanning for api listing references
2018-12-11T17:43:28.052546+00:00 app[web.1]: 2018-12-11 17:43:28.052  INFO 4 --- [           main] c.l.b.s.b.s.LineMessageHandlerSupport    : Registered LINE Messaging API event handler: count = 5
2018-12-11T17:43:28.057823+00:00 app[web.1]: 2018-12-11 17:43:28.056  INFO 4 --- [           main] c.l.b.s.b.s.LineMessageHandlerSupport    : Mapped "[MessageEvent<TextMessageContent>]" onto public com.linecorp.bot.model.message.TextMessage net.onlybiz.botchan.api.LineEventHandler.handleTextMessageEvent(com.linecorp.bot.model.event.MessageEvent<com.linecorp.bot.model.event.message.TextMessageContent>)
2018-12-11T17:43:28.059266+00:00 app[web.1]: 2018-12-11 17:43:28.057  INFO 4 --- [           main] c.l.b.s.b.s.LineMessageHandlerSupport    : Mapped "[JoinEvent]" onto public void net.onlybiz.botchan.api.LineEventHandler.handleJoinEvent(com.linecorp.bot.model.event.JoinEvent)
2018-12-11T17:43:28.059872+00:00 app[web.1]: 2018-12-11 17:43:28.059  INFO 4 --- [           main] c.l.b.s.b.s.LineMessageHandlerSupport    : Mapped "[AccountLinkEvent]" onto public com.linecorp.bot.model.message.TemplateMessage net.onlybiz.botchan.api.LineEventHandler.handleAccountLinkEvent(com.linecorp.bot.model.event.AccountLinkEvent)
2018-12-11T17:43:28.060786+00:00 app[web.1]: 2018-12-11 17:43:28.060  INFO 4 --- [           main] c.l.b.s.b.s.LineMessageHandlerSupport    : Mapped "[FollowEvent]" onto public com.linecorp.bot.model.message.TemplateMessage net.onlybiz.botchan.api.LineEventHandler.handleFollowEvent(com.linecorp.bot.model.event.FollowEvent)
2018-12-11T17:43:28.061410+00:00 app[web.1]: 2018-12-11 17:43:28.061  INFO 4 --- [           main] c.l.b.s.b.s.LineMessageHandlerSupport    : Mapped "[Event]" onto public void net.onlybiz.botchan.api.LineEventHandler.handleDefaultMessageEvent(com.linecorp.bot.model.event.Event)
2018-12-11T17:43:28.426973+00:00 app[web.1]: 2018-12-11 17:43:28.426  INFO 4 --- [           main] o.s.b.w.embedded.tomcat.TomcatWebServer  : Tomcat started on port(s): 29800 (http) with context path ''
2018-12-11T17:43:28.494719+00:00 app[web.1]: 2018-12-11 17:43:28.494  INFO 4 --- [           main] n.onlybiz.botchan.BotchanApplicationKt   : Started BotchanApplicationKt in 50.779 seconds (JVM running for 54.651)
2018-12-11T17:43:28.577070+00:00 heroku[web.1]: State changed from starting to up
2018-12-11T17:43:29.774097+00:00 app[web.1]: 2018-12-11 17:43:29.771  INFO 4 --- [io-29800-exec-4] o.a.c.c.C.[Tomcat].[localhost].[/]       : Initializing Spring DispatcherServlet 'dispatcherServlet'
2018-12-11T17:43:29.796299+00:00 app[web.1]: 2018-12-11 17:43:29.774  INFO 4 --- [io-29800-exec-4] o.s.web.servlet.DispatcherServlet        : Initializing Servlet 'dispatcherServlet'
2018-12-11T17:43:29.900883+00:00 app[web.1]: 2018-12-11 17:43:29.893  INFO 4 --- [io-29800-exec-4] o.s.web.servlet.DispatcherServlet        : Completed initialization in 97 ms
2018-12-11T17:43:30.582582+00:00 app[web.1]: event: messageEvent
2018-12-11T17:43:30.583430+00:00 app[web.1]: event: lineIdU8b78b1c30b079a0e3a81c4fbdc59d02c
2018-12-11T17:43:30.583942+00:00 app[web.1]: event: groupIdC8736de53a4a72140954d624a483cb172
2018-12-11T17:43:31.397981+00:00 app[web.1]: 2018-12-11 17:43:31.397  INFO 4 --- [io-29800-exec-4] o.h.h.i.QueryTranslatorFactoryInitiator  : HHH000397: Using ASTQueryTranslatorFactory
2018-12-11T17:43:32.128475+00:00 app[web.1]: testd:lineUserU8b78b1c30b079a0e3a81c4fbdc59d02c
